unfortunate
inauspicious
henpecked
dominated
unfortunate
abject
sorry
sad
pitiful
lamentable
distressing
deplorable
unsound
unfit
bad
scrimy
tawdry
shoddy
cheapjack
shitwork
abduction
disrespect
discourtesy
worst
hound
heel
dog
cad
bounder
blackguard
motormouth
angriness
anger
mislead
misguide
misdirect
unsurpassable
soft
mild
balmy
estimable
good
homological
homologic
respectable
honorable
estimable
sensational
mean
splendid
fantabulous
excellent
topping
wonderfulness
admirableness
admirability
praise
kudos
extolment
congratulations
researcher
investigator
happiness
felicity
blissfulness
bliss
like
love
enjoy